<?xml version="1.0" encoding="UTF-8"?>
<testng-results ignored="0" total="3" passed="3" failed="0" skipped="0">
  <reporter-output>
  </reporter-output>
  <suite started-at="2023-05-23T10:13:18 IST" name="Suite" finished-at="2023-05-23T10:13:22 IST" duration-ms="4288">
    <groups>
    </groups>
    <test started-at="2023-05-23T10:13:18 IST" name="Test" finished-at="2023-05-23T10:13:22 IST" duration-ms="4288">
      <class name="testclass.Post_TC_1">
        <test-method signature="execute()[pri:0, instance:testclass.Post_TC_1@7b8b43c7]" started-at="2023-05-23T10:13:18 IST" name="execute" finished-at="2023-05-23T10:13:21 IST" duration-ms="2555" status="PASS">
          <reporter-output>
          </reporter-output>
        </test-method> <!-- execute -->
      </class> <!-- testclass.Post_TC_1 -->
      <class name="testclass.Post_TC_2">
        <test-method signature="execute()[pri:0, instance:testclass.Post_TC_2@7fbdb894]" started-at="2023-05-23T10:13:21 IST" name="execute" finished-at="2023-05-23T10:13:21 IST" duration-ms="774" status="PASS">
          <reporter-output>
          </reporter-output>
        </test-method> <!-- execute -->
      </class> <!-- testclass.Post_TC_2 -->
      <class name="testclass.Post_TC_3">
        <test-method signature="execute()[pri:0, instance:testclass.Post_TC_3@3081f72c]" started-at="2023-05-23T10:13:21 IST" name="execute" finished-at="2023-05-23T10:13:22 IST" duration-ms="873" status="PASS">
          <reporter-output>
          </reporter-output>
        </test-method> <!-- execute -->
      </class> <!-- testclass.Post_TC_3 -->
    </test> <!-- Test -->
  </suite> <!-- Suite -->
</testng-results>
