<?xml version="1.0" encoding="UTF-8"?>
<!-- Generated by org.testng.reporters.JUnitXMLReporter -->
<testsuite ignored="0" hostname="LAPTOP-2GUN9U94" failures="0" tests="3" name="Test" time="4.288" errors="0" timestamp="2023-05-23T10:13:22 IST">
  <testcase classname="testclass.Post_TC_1" name="execute" time="2.555"/>
  <testcase classname="testclass.Post_TC_2" name="execute" time="0.774"/>
  <testcase classname="testclass.Post_TC_3" name="execute" time="0.873"/>
</testsuite> <!-- Test -->
