<?xml version="1.0" encoding="UTF-8"?>
<!-- Generated by org.testng.reporters.JUnitXMLReporter -->
<testsuite ignored="0" hostname="LAPTOP-2GUN9U94" failures="0" tests="3" name="Default test" time="8.969" errors="0" timestamp="2023-05-23T05:17:46 IST">
  <testcase classname="testclass.Post_TC_1" name="execute" time="5.731"/>
  <testcase classname="testclass.Post_TC_2" name="execute" time="1.491"/>
  <testcase classname="testclass.Post_TC_3" name="execute" time="1.528"/>
</testsuite> <!-- Default test -->
